<?xml version="1.0" encoding="UTF-8"?>
<!-- Generated by org.testng.reporters.JUnitXMLReporter -->
<testsuite ignored="3" hostname="LAPTOP-RORK2UUF" failures="0" tests="4" name="Login_Inventory_Test(failed)(failed)" time="35.182" errors="0" timestamp="2024-04-25T19:14:41 IST">
  <testcase classname="testcases.LoginPageTestFM01" name="verifyUrlTest" time="1.223"/>
  <testcase classname="testcases.LoginPageTestFM01" name="verifyTitleTest" time="0.069"/>
  <testcase classname="testcases.InventoryPageTestFM01" name="verifyTitleTestIP" time="0.068"/>
  <testcase classname="testcases.InventoryPageTestFM01" name="verifyAdd6ProductTest" time="0.582"/>
  <testcase classname="testcases.InventoryPageTestFM01" name="verifyTwitterLogoTest" time="0.0">
    <ignored/>
  </testcase> <!-- verifyTwitterLogoTest -->
  <testcase classname="testcases.InventoryPageTestFM01" name="remove4ProductTest" time="0.0">
    <ignored/>
  </testcase> <!-- remove4ProductTest -->
  <testcase classname="testcases.LoginPageTestFM01" name="verifyLoginToApplicationTest" time="0.0">
    <ignored/>
  </testcase> <!-- verifyLoginToApplicationTest -->
</testsuite> <!-- Login_Inventory_Test(failed)(failed) -->
