<?xml version="1.0" encoding="UTF-8"?>
<!-- Generated by org.testng.reporters.JUnitXMLReporter -->
<testsuite ignored="0" hostname="LAPTOP-RORK2UUF" failures="0" tests="3" name="Default test" time="18.834" errors="0" timestamp="2024-05-27T00:51:03 IST">
  <testcase classname="testcases.LoginPageTestFM01" name="verifyUrlTest" time="1.129"/>
  <testcase classname="testcases.LoginPageTestFM01" name="verifyTitleTest" time="0.054"/>
  <testcase classname="testcases.LoginPageTestFM01" name="verifyLoginToApplicationTest" time="0.458"/>
</testsuite> <!-- Default test -->
