<?xml version="1.0" encoding="UTF-8"?>
<!-- Generated by org.testng.reporters.JUnitXMLReporter -->
<testsuite ignored="0" hostname="LAPTOP-RORK2UUF" failures="0" tests="7" name="Default test" time="62.794" errors="0" timestamp="2024-05-01T16:31:47 IST">
  <testcase classname="testcases.CheckOutPage02Test" name="cancelBtnTest" time="0.201"/>
  <testcase classname="testcases.CheckOutPage02Test" name="finishBtnTest" time="0.136"/>
  <testcase classname="testcases.CheckOutPage02Test" name="paymentInfoLableTest" time="0.078"/>
  <testcase classname="testcases.CheckOutPage02Test" name="paymentInfoValueTest" time="0.082"/>
  <testcase classname="testcases.CheckOutPage02Test" name="priceTotalLableTest" time="0.071"/>
  <testcase classname="testcases.CheckOutPage02Test" name="shippingInfoLableTest" time="0.08"/>
  <testcase classname="testcases.CheckOutPage02Test" name="verifyPageLableTest" time="2.064"/>
</testsuite> <!-- Default test -->
