<?xml version="1.0" encoding="UTF-8"?>
<!-- Generated by org.testng.reporters.JUnitXMLReporter -->
<testsuite ignored="0" hostname="LAPTOP-RORK2UUF" failures="4" tests="25" name="AllPagesTest" time="188.132" errors="0" timestamp="2024-05-01T16:39:39 IST">
  <testcase classname="testcases.CheckOutPage01Test" name="verifyClickOnCancelBtnTest" time="1.296"/>
  <testcase classname="testcases.CheckOutPage01Test" name="verifyContinueBtnTest" time="0.837"/>
  <testcase classname="testcases.CheckOutPage01Test" name="verifyPageLableTest" time="0.085"/>
  <testcase classname="testcases.LoginPageTestFM01" name="verifyUrlTest" time="0.151">
    <failure type="java.lang.AssertionError" message="expected [https://www.saucedemo.com/] but found [Swag Labs]">
      <![CDATA[java.lang.AssertionError: expected [https://www.saucedemo.com/] but found [Swag Labs]
at testcases.LoginPageTestFM01.verifyUrlTest(LoginPageTestFM01.java:49)
at java.base/java.util.ArrayList.forEach(ArrayList.java:1511)
... Removed 33 stack frames]]>
    </failure>
  </testcase> <!-- verifyUrlTest -->
  <testcase classname="testcases.LoginPageTestFM01" name="verifyTitleTest" time="0.0">
    <skipped/>
  </testcase> <!-- verifyTitleTest -->
  <testcase classname="testcases.LoginPageTestFM01" name="verifyLoginToApplicationTest" time="0.0">
    <skipped/>
  </testcase> <!-- verifyLoginToApplicationTest -->
  <testcase classname="testcases.CartPageTestFM01" name="verifyClickOnCheckoutBtnTest" time="0.187"/>
  <testcase classname="testcases.CartPageTestFM01" name="verifyContinueShoppingBtnTest" time="0.193"/>
  <testcase classname="testcases.CartPageTestFM01" name="verifyCartPageLableTest" time="0.095"/>
  <testcase classname="testcases.InventoryPageTestFM01" name="verifyClickOnCartIconTest" time="0.153"/>
  <testcase classname="testcases.InventoryPageTestFM01" name="remove4ProductTest" time="0.883"/>
  <testcase classname="testcases.InventoryPageTestFM01" name="verifyTwitterLogoTest" time="0.09"/>
  <testcase classname="testcases.InventoryPageTestFM01" name="verifyAdd6ProductTest" time="0.545"/>
  <testcase classname="testcases.InventoryPageTestFM01" name="verifyTitleTestIP" time="0.042"/>
  <testcase classname="testcases.VerifyLoginPageWithMultipleCredentials" name="loginToApplicationMultiCredsTest" time="0.649"/>
  <testcase classname="testcases.VerifyLoginPageWithMultipleCredentials" name="loginToApplicationMultiCredsTest" time="0.551">
    <failure type="java.lang.AssertionError" message="The following asserts failed:
	expected [https://www.saucedemo.com/] but found [https://www.saucedemo.com/inventory.html]">
      <![CDATA[java.lang.AssertionError: The following asserts failed:
expected [https://www.saucedemo.com/] but found [https://www.saucedemo.com/inventory.html]
at testcases.VerifyLoginPageWithMultipleCredentials.loginToApplicationMultiCredsTest(VerifyLoginPageWithMultipleCredentials.java:61)
at java.base/java.util.ArrayList.forEach(ArrayList.java:1511)
... Removed 29 stack frames]]>
    </failure>
  </testcase> <!-- loginToApplicationMultiCredsTest -->
  <testcase classname="testcases.VerifyLoginPageWithMultipleCredentials" name="loginToApplicationMultiCredsTest" time="0.529">
    <failure type="java.lang.AssertionError" message="The following asserts failed:
	expected [https://www.saucedemo.com/] but found [https://www.saucedemo.com/inventory.html]">
      <![CDATA[java.lang.AssertionError: The following asserts failed:
expected [https://www.saucedemo.com/] but found [https://www.saucedemo.com/inventory.html]
at testcases.VerifyLoginPageWithMultipleCredentials.loginToApplicationMultiCredsTest(VerifyLoginPageWithMultipleCredentials.java:61)
at java.base/java.util.ArrayList.forEach(ArrayList.java:1511)
... Removed 29 stack frames]]>
    </failure>
  </testcase> <!-- loginToApplicationMultiCredsTest -->
  <testcase classname="testcases.VerifyLoginPageWithMultipleCredentials" name="loginToApplicationMultiCredsTest" time="0.567">
    <failure type="java.lang.AssertionError" message="The following asserts failed:
	expected [https://www.saucedemo.com/] but found [https://www.saucedemo.com/inventory.html]">
      <![CDATA[java.lang.AssertionError: The following asserts failed:
expected [https://www.saucedemo.com/] but found [https://www.saucedemo.com/inventory.html]
at testcases.VerifyLoginPageWithMultipleCredentials.loginToApplicationMultiCredsTest(VerifyLoginPageWithMultipleCredentials.java:61)
at java.base/java.util.ArrayList.forEach(ArrayList.java:1511)
... Removed 29 stack frames]]>
    </failure>
  </testcase> <!-- loginToApplicationMultiCredsTest -->
  <testcase classname="testcases.CheckOutPage02Test" name="cancelBtnTest" time="0.185"/>
  <testcase classname="testcases.CheckOutPage02Test" name="finishBtnTest" time="0.124"/>
  <testcase classname="testcases.CheckOutPage02Test" name="paymentInfoLableTest" time="0.07"/>
  <testcase classname="testcases.CheckOutPage02Test" name="paymentInfoValueTest" time="0.061"/>
  <testcase classname="testcases.CheckOutPage02Test" name="priceTotalLableTest" time="0.059"/>
  <testcase classname="testcases.CheckOutPage02Test" name="shippingInfoLableTest" time="0.064"/>
  <testcase classname="testcases.CheckOutPage02Test" name="verifyPageLableTest" time="2.054"/>
</testsuite> <!-- AllPagesTest -->
