<?xml version="1.0" encoding="UTF-8"?>
<!-- Generated by org.testng.reporters.JUnitXMLReporter -->
<testsuite ignored="7" hostname="LAPTOP-RORK2UUF" failures="0" tests="4" name="Login_Inventory_Cart_Test(failed)" time="37.774" errors="0" timestamp="2024-04-25T20:51:28 IST">
  <testcase classname="testcases.LoginPageTestFM01" name="verifyLoginToApplicationTest" time="1.715"/>
  <testcase classname="testcases.LoginPageTestFM01" name="verifyTitleTest" time="0.084"/>
  <testcase classname="testcases.InventoryPageTestFM01" name="verifyAdd6ProductTest" time="0.531"/>
  <testcase classname="testcases.CartPageTestFM01" name="verifyCartPageUrlTest" time="0.053"/>
  <testcase classname="testcases.InventoryPageTestFM01" name="verifyTitleTestIP" time="0.0">
    <ignored/>
  </testcase> <!-- verifyTitleTestIP -->
  <testcase classname="testcases.InventoryPageTestFM01" name="verifyTwitterLogoTest" time="0.0">
    <ignored/>
  </testcase> <!-- verifyTwitterLogoTest -->
  <testcase classname="testcases.CartPageTestFM01" name="verifyCartPageLableTest" time="0.0">
    <ignored/>
  </testcase> <!-- verifyCartPageLableTest -->
  <testcase classname="testcases.InventoryPageTestFM01" name="remove4ProductTest" time="0.0">
    <ignored/>
  </testcase> <!-- remove4ProductTest -->
  <testcase classname="testcases.CartPageTestFM01" name="verifyContinueShoppingBtn" time="0.0">
    <ignored/>
  </testcase> <!-- verifyContinueShoppingBtn -->
  <testcase classname="testcases.LoginPageTestFM01" name="verifyUrlTest" time="0.0">
    <ignored/>
  </testcase> <!-- verifyUrlTest -->
  <testcase classname="testcases.CartPageTestFM01" name="verifyShoppingBtnTest" time="0.0">
    <ignored/>
  </testcase> <!-- verifyShoppingBtnTest -->
</testsuite> <!-- Login_Inventory_Cart_Test(failed) -->
