<?xml version="1.0" encoding="UTF-8"?>
<!-- Generated by org.testng.reporters.JUnitXMLReporter -->
<testsuite ignored="4" hostname="LAPTOP-RORK2UUF" failures="0" tests="7" name="Login_Inventory_Cart_Test" time="62.477" errors="0" timestamp="2024-04-25T21:24:10 IST">
  <testcase classname="testcases.LoginPageTestFM01" name="verifyUrlTest" time="1.408"/>
  <testcase classname="testcases.LoginPageTestFM01" name="verifyTitleTest" time="0.1"/>
  <testcase classname="testcases.LoginPageTestFM01" name="verifyLoginToApplicationTest" time="0.712"/>
  <testcase classname="testcases.CartPageTestFM01" name="verifyContinueShoppingBtn" time="0.214"/>
  <testcase classname="testcases.CartPageTestFM01" name="verifyCartPageLableTest" time="0.087"/>
  <testcase classname="testcases.InventoryPageTestFM01" name="remove4ProductTest" time="0.813"/>
  <testcase classname="testcases.InventoryPageTestFM01" name="verifyTwitterLogoTest" time="0.047"/>
  <testcase classname="testcases.CartPageTestFM01" name="verifyCartPageUrlTest" time="0.0">
    <ignored/>
  </testcase> <!-- verifyCartPageUrlTest -->
  <testcase classname="testcases.InventoryPageTestFM01" name="verifyAdd6ProductTest" time="0.0">
    <ignored/>
  </testcase> <!-- verifyAdd6ProductTest -->
  <testcase classname="testcases.CartPageTestFM01" name="verifyShoppingBtnTest" time="0.0">
    <ignored/>
  </testcase> <!-- verifyShoppingBtnTest -->
  <testcase classname="testcases.InventoryPageTestFM01" name="verifyTitleTestIP" time="0.0">
    <ignored/>
  </testcase> <!-- verifyTitleTestIP -->
</testsuite> <!-- Login_Inventory_Cart_Test -->
